[INFO] Scanning for projects...
[INFO] 
[INFO] --------------------------< com.cny:backend >---------------------------
[INFO] Building CNY Freelancer Marketplace Backend 1.0.0-SNAPSHOT
[INFO]   from pom.xml
[INFO] --------------------------------[ jar ]---------------------------------
[INFO] 
[INFO] --- clean:3.3.2:clean (default-clean) @ backend ---
[INFO] Deleting C:\Users\admin\Downloads\Project_SWP391\Project_SWP391\Project\backend\target
[INFO] 
[INFO] --- resources:3.3.1:resources (default-resources) @ backend ---
[INFO] Copying 1 resource from src\main\resources to target\classes
[INFO] Copying 0 resource from src\main\resources to target\classes
[INFO] 
[INFO] --- compiler:3.13.0:compile (default-compile) @ backend ---
[INFO] Recompiling the module because of changed source code.
[INFO] Compiling 49 source files with javac [debug parameters release 17] to target\classes
[INFO] -------------------------------------------------------------
[ERROR] COMPILATION ERROR : 
[INFO] -------------------------------------------------------------
[ERROR] /C:/Users/admin/Downloads/Project_SWP391/Project_SWP391/Project/backend/src/main/java/com/cny/backend/entity/Manager.java:[16,8] class User is public, should be declared in a file named User.java
[ERROR] /C:/Users/admin/Downloads/Project_SWP391/Project_SWP391/Project/backend/src/main/java/com/cny/backend/entity/Staff.java:[16,8] class User is public, should be declared in a file named User.java
[ERROR] /C:/Users/admin/Downloads/Project_SWP391/Project_SWP391/Project/backend/src/main/java/com/cny/backend/DataSeeder.java:[70,42] cannot find symbol
  symbol:   method builder()
  location: class com.cny.backend.entity.JobCategory
[ERROR] /C:/Users/admin/Downloads/Project_SWP391/Project_SWP391/Project/backend/src/main/java/com/cny/backend/DataSeeder.java:[83,37] cannot find symbol
  symbol:   method builder()
  location: class com.cny.backend.entity.Employer
[ERROR] /C:/Users/admin/Downloads/Project_SWP391/Project_SWP391/Project/backend/src/main/java/com/cny/backend/DataSeeder.java:[115,28] cannot find symbol
  symbol:   method builder()
  location: class com.cny.backend.entity.Admin
[ERROR] /C:/Users/admin/Downloads/Project_SWP391/Project_SWP391/Project/backend/src/main/java/com/cny/backend/DataSeeder.java:[148,47] cannot find symbol
  symbol:   method builder()
  location: class com.cny.backend.entity.Freelancer
[ERROR] /C:/Users/admin/Downloads/Project_SWP391/Project_SWP391/Project/backend/src/main/java/com/cny/backend/DataSeeder.java:[181,31] cannot find symbol
  symbol:   method getEmail()
  location: variable e of type com.cny.backend.entity.Employer
[ERROR] /C:/Users/admin/Downloads/Project_SWP391/Project_SWP391/Project/backend/src/main/java/com/cny/backend/DataSeeder.java:[184,31] cannot find symbol
  symbol:   method getCategoryName()
  location: variable c of type com.cny.backend.entity.JobCategory
[ERROR] /C:/Users/admin/Downloads/Project_SWP391/Project_SWP391/Project/backend/src/main/java/com/cny/backend/DataSeeder.java:[186,31] cannot find symbol
  symbol:   method getCategoryName()
  location: variable c of type com.cny.backend.entity.JobCategory
[ERROR] /C:/Users/admin/Downloads/Project_SWP391/Project_SWP391/Project/backend/src/main/java/com/cny/backend/DataSeeder.java:[188,31] cannot find symbol
  symbol:   method getCategoryName()
  location: variable c of type com.cny.backend.entity.JobCategory
[ERROR] /C:/Users/admin/Downloads/Project_SWP391/Project_SWP391/Project/backend/src/main/java/com/cny/backend/DataSeeder.java:[190,31] cannot find symbol
  symbol:   method getCategoryName()
  location: variable c of type com.cny.backend.entity.JobCategory
[ERROR] /C:/Users/admin/Downloads/Project_SWP391/Project_SWP391/Project/backend/src/main/java/com/cny/backend/DataSeeder.java:[197,29] cannot find symbol
  symbol:   method builder()
  location: class com.cny.backend.entity.Project
[ERROR] /C:/Users/admin/Downloads/Project_SWP391/Project_SWP391/Project/backend/src/main/java/com/cny/backend/DataSeeder.java:[210,29] cannot find symbol
  symbol:   method builder()
  location: class com.cny.backend.entity.Project
[ERROR] /C:/Users/admin/Downloads/Project_SWP391/Project_SWP391/Project/backend/src/main/java/com/cny/backend/DataSeeder.java:[222,29] cannot find symbol
  symbol:   method builder()
  location: class com.cny.backend.entity.Project
[ERROR] /C:/Users/admin/Downloads/Project_SWP391/Project_SWP391/Project/backend/src/main/java/com/cny/backend/DataSeeder.java:[235,29] cannot find symbol
  symbol:   method builder()
  location: class com.cny.backend.entity.Project
[ERROR] /C:/Users/admin/Downloads/Project_SWP391/Project_SWP391/Project/backend/src/main/java/com/cny/backend/DataSeeder.java:[249,29] cannot find symbol
  symbol:   method builder()
  location: class com.cny.backend.entity.Project
[ERROR] /C:/Users/admin/Downloads/Project_SWP391/Project_SWP391/Project/backend/src/main/java/com/cny/backend/DataSeeder.java:[261,29] cannot find symbol
  symbol:   method builder()
  location: class com.cny.backend.entity.Project
[ERROR] /C:/Users/admin/Downloads/Project_SWP391/Project_SWP391/Project/backend/src/main/java/com/cny/backend/DataSeeder.java:[273,29] cannot find symbol
  symbol:   method builder()
  location: class com.cny.backend.entity.Project
[ERROR] /C:/Users/admin/Downloads/Project_SWP391/Project_SWP391/Project/backend/src/main/java/com/cny/backend/entity/Freelancer.java:[104,21] constructor TransientUser in class com.cny.backend.entity.Freelancer.TransientUser cannot be applied to given types;
  required: no arguments
  found:    java.lang.Integer,java.lang.String,java.lang.String,java.lang.String,java.lang.String,java.lang.String
  reason: actual and formal argument lists differ in length
[ERROR] /C:/Users/admin/Downloads/Project_SWP391/Project_SWP391/Project/backend/src/main/java/com/cny/backend/entity/Employer.java:[108,21] constructor TransientUser in class com.cny.backend.entity.Employer.TransientUser cannot be applied to given types;
  required: no arguments
  found:    java.lang.Integer,java.lang.String,java.lang.String,java.lang.String,java.lang.String,java.lang.String
  reason: actual and formal argument lists differ in length
[ERROR] /C:/Users/admin/Downloads/Project_SWP391/Project_SWP391/Project/backend/src/main/java/com/cny/backend/service/AdminService.java:[77,33] cannot find symbol
  symbol:   method builder()
  location: class com.cny.backend.dto.AdminStatsDto
[ERROR] /C:/Users/admin/Downloads/Project_SWP391/Project_SWP391/Project/backend/src/main/java/com/cny/backend/service/AdminService.java:[88,33] cannot find symbol
  symbol:   method builder()
  location: class com.cny.backend.dto.AdminStatsDto
[ERROR] /C:/Users/admin/Downloads/Project_SWP391/Project_SWP391/Project/backend/src/main/java/com/cny/backend/service/AdminService.java:[113,45] cannot find symbol
  symbol:   method builder()
  location: class com.cny.backend.dto.UserGrowthTrendDto
[ERROR] /C:/Users/admin/Downloads/Project_SWP391/Project_SWP391/Project/backend/src/main/java/com/cny/backend/service/AdminService.java:[130,42] cannot find symbol
  symbol:   method builder()
  location: class com.cny.backend.dto.RevenueTrendDto
[ERROR] /C:/Users/admin/Downloads/Project_SWP391/Project_SWP391/Project/backend/src/main/java/com/cny/backend/service/AdminService.java:[142,34] cannot find symbol
  symbol:   method builder()
  location: class com.cny.backend.dto.PlatformFeeDto
[ERROR] /C:/Users/admin/Downloads/Project_SWP391/Project_SWP391/Project/backend/src/main/java/com/cny/backend/service/AdminService.java:[146,34] cannot find symbol
  symbol:   method builder()
  location: class com.cny.backend.dto.PlatformFeeDto
[ERROR] /C:/Users/admin/Downloads/Project_SWP391/Project_SWP391/Project/backend/src/main/java/com/cny/backend/service/AdminService.java:[158,34] cannot find symbol
  symbol:   method builder()
  location: class com.cny.backend.dto.PlatformFeeDto
[ERROR] /C:/Users/admin/Downloads/Project_SWP391/Project_SWP391/Project/backend/src/main/java/com/cny/backend/service/AdminService.java:[163,34] cannot find symbol
  symbol:   method builder()
  location: class com.cny.backend.dto.PlatformFeeDto
[ERROR] /C:/Users/admin/Downloads/Project_SWP391/Project_SWP391/Project/backend/src/main/java/com/cny/backend/service/AdminService.java:[175,18] cannot find symbol
  symbol:   method getIsDeleted()
  location: variable f of type com.cny.backend.entity.Freelancer
[ERROR] /C:/Users/admin/Downloads/Project_SWP391/Project_SWP391/Project/backend/src/main/java/com/cny/backend/service/AdminService.java:[175,46] cannot find symbol
  symbol:   method getIsDeleted()
  location: variable f of type com.cny.backend.entity.Freelancer
[ERROR] /C:/Users/admin/Downloads/Project_SWP391/Project_SWP391/Project/backend/src/main/java/com/cny/backend/service/AdminService.java:[177,35] cannot find symbol
  symbol:   method builder()
  location: class com.cny.backend.dto.AdminUserDto
[ERROR] /C:/Users/admin/Downloads/Project_SWP391/Project_SWP391/Project/backend/src/main/java/com/cny/backend/service/AdminService.java:[178,26] cannot find symbol
  symbol:   method getProfileId()
  location: variable f of type com.cny.backend.entity.Freelancer
[ERROR] /C:/Users/admin/Downloads/Project_SWP391/Project_SWP391/Project/backend/src/main/java/com/cny/backend/service/AdminService.java:[179,28] cannot find symbol
  symbol:   method getDisplayName()
  location: variable f of type com.cny.backend.entity.Freelancer
[ERROR] /C:/Users/admin/Downloads/Project_SWP391/Project_SWP391/Project/backend/src/main/java/com/cny/backend/service/AdminService.java:[180,29] cannot find symbol
  symbol:   method getEmail()
  location: variable f of type com.cny.backend.entity.Freelancer
[ERROR] /C:/Users/admin/Downloads/Project_SWP391/Project_SWP391/Project/backend/src/main/java/com/cny/backend/service/AdminService.java:[181,30] cannot find symbol
  symbol:   method getStatus()
  location: variable f of type com.cny.backend.entity.Freelancer
[ERROR] /C:/Users/admin/Downloads/Project_SWP391/Project_SWP391/Project/backend/src/main/java/com/cny/backend/service/AdminService.java:[183,30] cannot find symbol
  symbol:   method getCreatedAt()
  location: variable f of type com.cny.backend.entity.Freelancer
[ERROR] /C:/Users/admin/Downloads/Project_SWP391/Project_SWP391/Project/backend/src/main/java/com/cny/backend/service/AdminService.java:[183,57] cannot find symbol
  symbol:   method getCreatedAt()
  location: variable f of type com.cny.backend.entity.Freelancer
[ERROR] /C:/Users/admin/Downloads/Project_SWP391/Project_SWP391/Project/backend/src/main/java/com/cny/backend/service/AdminService.java:[184,33] cannot find symbol
  symbol:   method getLastLoginAt()
  location: variable f of type com.cny.backend.entity.Freelancer
[ERROR] /C:/Users/admin/Downloads/Project_SWP391/Project_SWP391/Project/backend/src/main/java/com/cny/backend/service/AdminService.java:[184,62] cannot find symbol
  symbol:   method getLastLoginAt()
  location: variable f of type com.cny.backend.entity.Freelancer
[ERROR] /C:/Users/admin/Downloads/Project_SWP391/Project_SWP391/Project/backend/src/main/java/com/cny/backend/service/AdminService.java:[191,18] cannot find symbol
  symbol:   method getIsDeleted()
  location: variable e of type com.cny.backend.entity.Employer
[ERROR] /C:/Users/admin/Downloads/Project_SWP391/Project_SWP391/Project/backend/src/main/java/com/cny/backend/service/AdminService.java:[191,46] cannot find symbol
  symbol:   method getIsDeleted()
  location: variable e of type com.cny.backend.entity.Employer
[ERROR] /C:/Users/admin/Downloads/Project_SWP391/Project_SWP391/Project/backend/src/main/java/com/cny/backend/service/AdminService.java:[193,35] cannot find symbol
  symbol:   method builder()
  location: class com.cny.backend.dto.AdminUserDto
[ERROR] /C:/Users/admin/Downloads/Project_SWP391/Project_SWP391/Project/backend/src/main/java/com/cny/backend/service/AdminService.java:[194,26] cannot find symbol
  symbol:   method getEmployerId()
  location: variable e of type com.cny.backend.entity.Employer
[ERROR] /C:/Users/admin/Downloads/Project_SWP391/Project_SWP391/Project/backend/src/main/java/com/cny/backend/service/AdminService.java:[195,28] cannot find symbol
  symbol:   method getDisplayName()
  location: variable e of type com.cny.backend.entity.Employer
[ERROR] /C:/Users/admin/Downloads/Project_SWP391/Project_SWP391/Project/backend/src/main/java/com/cny/backend/service/AdminService.java:[196,29] cannot find symbol
  symbol:   method getEmail()
  location: variable e of type com.cny.backend.entity.Employer
[ERROR] /C:/Users/admin/Downloads/Project_SWP391/Project_SWP391/Project/backend/src/main/java/com/cny/backend/service/AdminService.java:[197,30] cannot find symbol
  symbol:   method getStatus()
  location: variable e of type com.cny.backend.entity.Employer
[ERROR] /C:/Users/admin/Downloads/Project_SWP391/Project_SWP391/Project/backend/src/main/java/com/cny/backend/service/AdminService.java:[199,30] cannot find symbol
  symbol:   method getCreatedAt()
  location: variable e of type com.cny.backend.entity.Employer
[ERROR] /C:/Users/admin/Downloads/Project_SWP391/Project_SWP391/Project/backend/src/main/java/com/cny/backend/service/AdminService.java:[199,57] cannot find symbol
  symbol:   method getCreatedAt()
  location: variable e of type com.cny.backend.entity.Employer
[ERROR] /C:/Users/admin/Downloads/Project_SWP391/Project_SWP391/Project/backend/src/main/java/com/cny/backend/service/AdminService.java:[200,33] cannot find symbol
  symbol:   method getLastLoginAt()
  location: variable e of type com.cny.backend.entity.Employer
[ERROR] /C:/Users/admin/Downloads/Project_SWP391/Project_SWP391/Project/backend/src/main/java/com/cny/backend/service/AdminService.java:[200,62] cannot find symbol
  symbol:   method getLastLoginAt()
  location: variable e of type com.cny.backend.entity.Employer
[ERROR] /C:/Users/admin/Downloads/Project_SWP391/Project_SWP391/Project/backend/src/main/java/com/cny/backend/service/AdminService.java:[216,39] cannot find symbol
  symbol:   method getStatus()
  location: variable emp of type com.cny.backend.entity.Employer
[ERROR] /C:/Users/admin/Downloads/Project_SWP391/Project_SWP391/Project/backend/src/main/java/com/cny/backend/service/AdminService.java:[217,20] cannot find symbol
  symbol:   method setStatus(java.lang.String)
  location: variable emp of type com.cny.backend.entity.Employer
[ERROR] /C:/Users/admin/Downloads/Project_SWP391/Project_SWP391/Project/backend/src/main/java/com/cny/backend/service/AdminService.java:[223,126] cannot find symbol
  symbol:   method getEmail()
  location: variable emp of type com.cny.backend.entity.Employer
[ERROR] /C:/Users/admin/Downloads/Project_SWP391/Project_SWP391/Project/backend/src/main/java/com/cny/backend/service/AdminService.java:[233,37] cannot find symbol
  symbol:   method getStatus()
  location: variable f of type com.cny.backend.entity.Freelancer
[ERROR] /C:/Users/admin/Downloads/Project_SWP391/Project_SWP391/Project/backend/src/main/java/com/cny/backend/service/AdminService.java:[234,18] cannot find symbol
  symbol:   method setStatus(java.lang.String)
  location: variable f of type com.cny.backend.entity.Freelancer
[ERROR] /C:/Users/admin/Downloads/Project_SWP391/Project_SWP391/Project/backend/src/main/java/com/cny/backend/service/AdminService.java:[240,126] cannot find symbol
  symbol:   method getEmail()
  location: variable f of type com.cny.backend.entity.Freelancer
[ERROR] /C:/Users/admin/Downloads/Project_SWP391/Project_SWP391/Project/backend/src/main/java/com/cny/backend/service/AdminService.java:[289,30] cannot find symbol
  symbol:   method builder()
  location: class com.cny.backend.dto.PendingProjectDto
[ERROR] /C:/Users/admin/Downloads/Project_SWP391/Project_SWP391/Project/backend/src/main/java/com/cny/backend/service/AdminService.java:[298,18] incompatible types: inference variable T has incompatible bounds
    equality constraints: com.cny.backend.dto.PendingProjectDto
    lower bounds: java.lang.Object
[ERROR] /C:/Users/admin/Downloads/Project_SWP391/Project_SWP391/Project/backend/src/main/java/com/cny/backend/service/AdminService.java:[323,26] cannot find symbol
  symbol:   method builder()
  location: class com.cny.backend.dto.WithdrawalDto
[ERROR] /C:/Users/admin/Downloads/Project_SWP391/Project_SWP391/Project/backend/src/main/java/com/cny/backend/service/AdminService.java:[333,18] incompatible types: inference variable T has incompatible bounds
    equality constraints: com.cny.backend.dto.WithdrawalDto
    lower bounds: java.lang.Object
[ERROR] /C:/Users/admin/Downloads/Project_SWP391/Project_SWP391/Project/backend/src/main/java/com/cny/backend/service/AdminService.java:[353,29] cannot find symbol
  symbol:   method builder()
  location: class com.cny.backend.dto.AdminAuditLogDto
[ERROR] /C:/Users/admin/Downloads/Project_SWP391/Project_SWP391/Project/backend/src/main/java/com/cny/backend/service/AdminService.java:[361,18] incompatible types: inference variable T has incompatible bounds
    equality constraints: com.cny.backend.dto.AdminAuditLogDto
    lower bounds: java.lang.Object
[ERROR] /C:/Users/admin/Downloads/Project_SWP391/Project_SWP391/Project/backend/src/main/java/com/cny/backend/service/AdminService.java:[366,27] cannot find symbol
  symbol:   method builder()
  location: class com.cny.backend.dto.JobCategoryDto
[ERROR] /C:/Users/admin/Downloads/Project_SWP391/Project_SWP391/Project/backend/src/main/java/com/cny/backend/service/AdminService.java:[372,18] incompatible types: inference variable T has incompatible bounds
    equality constraints: com.cny.backend.dto.JobCategoryDto
    lower bounds: java.lang.Object
[ERROR] /C:/Users/admin/Downloads/Project_SWP391/Project_SWP391/Project/backend/src/main/java/com/cny/backend/service/AdminService.java:[377,31] cannot find symbol
  symbol:   method builder()
  location: class com.cny.backend.dto.KycRequestDto
[ERROR] /C:/Users/admin/Downloads/Project_SWP391/Project_SWP391/Project/backend/src/main/java/com/cny/backend/service/AdminService.java:[386,31] cannot find symbol
  symbol:   method builder()
  location: class com.cny.backend.dto.KycRequestDto
[ERROR] /C:/Users/admin/Downloads/Project_SWP391/Project_SWP391/Project/backend/src/main/java/com/cny/backend/service/AdminService.java:[399,28] cannot find symbol
  symbol:   method builder()
  location: class com.cny.backend.dto.DisputeDto
[ERROR] /C:/Users/admin/Downloads/Project_SWP391/Project_SWP391/Project/backend/src/main/java/com/cny/backend/service/AdminService.java:[410,28] cannot find symbol
  symbol:   method builder()
  location: class com.cny.backend.dto.DisputeDto
[ERROR] /C:/Users/admin/Downloads/Project_SWP391/Project_SWP391/Project/backend/src/main/java/com/cny/backend/service/AdminService.java:[425,27] cannot find symbol
  symbol:   method builder()
  location: class com.cny.backend.dto.ReportDto
[ERROR] /C:/Users/admin/Downloads/Project_SWP391/Project_SWP391/Project/backend/src/main/java/com/cny/backend/service/AdminService.java:[434,27] cannot find symbol
  symbol:   method builder()
  location: class com.cny.backend.dto.ReportDto
[ERROR] /C:/Users/admin/Downloads/Project_SWP391/Project_SWP391/Project/backend/src/main/java/com/cny/backend/service/AdminService.java:[447,28] cannot find symbol
  symbol:   method builder()
  location: class com.cny.backend.dto.ArticleDto
[ERROR] /C:/Users/admin/Downloads/Project_SWP391/Project_SWP391/Project/backend/src/main/java/com/cny/backend/service/AdminService.java:[456,28] cannot find symbol
  symbol:   method builder()
  location: class com.cny.backend.dto.ArticleDto
[ERROR] /C:/Users/admin/Downloads/Project_SWP391/Project_SWP391/Project/backend/src/main/java/com/cny/backend/service/AdminService.java:[469,34] cannot find symbol
  symbol:   method builder()
  location: class com.cny.backend.dto.SupportTicketDto
[ERROR] /C:/Users/admin/Downloads/Project_SWP391/Project_SWP391/Project/backend/src/main/java/com/cny/backend/service/AdminService.java:[478,34] cannot find symbol
  symbol:   method builder()
  location: class com.cny.backend.dto.SupportTicketDto
[ERROR] /C:/Users/admin/Downloads/Project_SWP391/Project_SWP391/Project/backend/src/main/java/com/cny/backend/service/AdminService.java:[491,30] cannot find symbol
  symbol:   method builder()
  location: class com.cny.backend.dto.SeoConfigDto
[ERROR] /C:/Users/admin/Downloads/Project_SWP391/Project_SWP391/Project/backend/src/main/java/com/cny/backend/service/AdminService.java:[499,30] cannot find symbol
  symbol:   method builder()
  location: class com.cny.backend.dto.SeoConfigDto
[ERROR] /C:/Users/admin/Downloads/Project_SWP391/Project_SWP391/Project/backend/src/main/java/com/cny/backend/service/AuthService.java:[106,36] cannot find symbol
  symbol:   method builder()
  location: class com.cny.backend.entity.Admin
[ERROR] /C:/Users/admin/Downloads/Project_SWP391/Project_SWP391/Project/backend/src/main/java/com/cny/backend/service/AuthService.java:[122,31] cannot find symbol
  symbol:   method getAdminId()
  location: variable admin of type com.cny.backend.entity.Admin
[ERROR] /C:/Users/admin/Downloads/Project_SWP391/Project_SWP391/Project/backend/src/main/java/com/cny/backend/service/AuthService.java:[126,32] cannot find symbol
  symbol:   method getPasswordHash()
  location: variable dbAdmin of type com.cny.backend.entity.Admin
[ERROR] /C:/Users/admin/Downloads/Project_SWP391/Project_SWP391/Project/backend/src/main/java/com/cny/backend/service/AuthService.java:[126,70] cannot find symbol
  symbol:   method getPasswordHash()
  location: variable dbAdmin of type com.cny.backend.entity.Admin
[ERROR] /C:/Users/admin/Downloads/Project_SWP391/Project_SWP391/Project/backend/src/main/java/com/cny/backend/service/AuthService.java:[133,33] cannot find symbol
  symbol:   method getAdminId()
  location: variable dbAdmin of type com.cny.backend.entity.Admin
[ERROR] /C:/Users/admin/Downloads/Project_SWP391/Project_SWP391/Project/backend/src/main/java/com/cny/backend/service/AuthService.java:[134,37] cannot find symbol
  symbol:   method getStatus()
  location: variable dbAdmin of type com.cny.backend.entity.Admin
[ERROR] /C:/Users/admin/Downloads/Project_SWP391/Project_SWP391/Project/backend/src/main/java/com/cny/backend/service/AuthService.java:[137,48] cannot find symbol
  symbol:   method getGoogleId()
  location: variable dbAdmin of type com.cny.backend.entity.Admin
[ERROR] /C:/Users/admin/Downloads/Project_SWP391/Project_SWP391/Project/backend/src/main/java/com/cny/backend/service/AuthService.java:[138,28] cannot find symbol
  symbol:   method setGoogleId(java.lang.String)
  location: variable dbAdmin of type com.cny.backend.entity.Admin
[ERROR] /C:/Users/admin/Downloads/Project_SWP391/Project_SWP391/Project/backend/src/main/java/com/cny/backend/service/AuthService.java:[139,28] cannot find symbol
  symbol:   method setAvatarUrl(java.lang.String)
  location: variable dbAdmin of type com.cny.backend.entity.Admin
[ERROR] /C:/Users/admin/Downloads/Project_SWP391/Project_SWP391/Project/backend/src/main/java/com/cny/backend/service/AuthService.java:[143,39] cannot find symbol
  symbol:   method getMessengerPin()
  location: variable dbAdmin of type com.cny.backend.entity.Admin
[ERROR] /C:/Users/admin/Downloads/Project_SWP391/Project_SWP391/Project/backend/src/main/java/com/cny/backend/service/AuthService.java:[166,45] cannot find symbol
  symbol:   method builder()
  location: class com.cny.backend.entity.Employer
[ERROR] /C:/Users/admin/Downloads/Project_SWP391/Project_SWP391/Project/backend/src/main/java/com/cny/backend/service/AuthService.java:[185,34] cannot find symbol
  symbol:   method getEmployerId()
  location: variable employer of type com.cny.backend.entity.Employer
[ERROR] /C:/Users/admin/Downloads/Project_SWP391/Project_SWP391/Project/backend/src/main/java/com/cny/backend/service/AuthService.java:[189,35] cannot find symbol
  symbol:   method getPasswordHash()
  location: variable dbEmployer of type com.cny.backend.entity.Employer
[ERROR] /C:/Users/admin/Downloads/Project_SWP391/Project_SWP391/Project/backend/src/main/java/com/cny/backend/service/AuthService.java:[189,76] cannot find symbol
  symbol:   method getPasswordHash()
  location: variable dbEmployer of type com.cny.backend.entity.Employer
[ERROR] /C:/Users/admin/Downloads/Project_SWP391/Project_SWP391/Project/backend/src/main/java/com/cny/backend/service/AuthService.java:[196,36] cannot find symbol
  symbol:   method getEmployerId()
  location: variable dbEmployer of type com.cny.backend.entity.Employer
[ERROR] /C:/Users/admin/Downloads/Project_SWP391/Project_SWP391/Project/backend/src/main/java/com/cny/backend/service/AuthService.java:[197,40] cannot find symbol
  symbol:   method getStatus()
  location: variable dbEmployer of type com.cny.backend.entity.Employer
[ERROR] /C:/Users/admin/Downloads/Project_SWP391/Project_SWP391/Project/backend/src/main/java/com/cny/backend/service/AuthService.java:[200,51] cannot find symbol
  symbol:   method getGoogleId()
  location: variable dbEmployer of type com.cny.backend.entity.Employer
[ERROR] /C:/Users/admin/Downloads/Project_SWP391/Project_SWP391/Project/backend/src/main/java/com/cny/backend/service/AuthService.java:[201,31] cannot find symbol
  symbol:   method setGoogleId(java.lang.String)
  location: variable dbEmployer of type com.cny.backend.entity.Employer
[ERROR] /C:/Users/admin/Downloads/Project_SWP391/Project_SWP391/Project/backend/src/main/java/com/cny/backend/service/AuthService.java:[202,31] cannot find symbol
  symbol:   method setAvatarUrl(java.lang.String)
  location: variable dbEmployer of type com.cny.backend.entity.Employer
[ERROR] /C:/Users/admin/Downloads/Project_SWP391/Project_SWP391/Project/backend/src/main/java/com/cny/backend/service/AuthService.java:[206,42] cannot find symbol
  symbol:   method getMessengerPin()
  location: variable dbEmployer of type com.cny.backend.entity.Employer
[ERROR] /C:/Users/admin/Downloads/Project_SWP391/Project_SWP391/Project/backend/src/main/java/com/cny/backend/service/AuthService.java:[229,51] cannot find symbol
  symbol:   method builder()
  location: class com.cny.backend.entity.Freelancer
[ERROR] /C:/Users/admin/Downloads/Project_SWP391/Project_SWP391/Project/backend/src/main/java/com/cny/backend/service/AuthService.java:[249,36] cannot find symbol
  symbol:   method getProfileId()
  location: variable freelancer of type com.cny.backend.entity.Freelancer
[ERROR] /C:/Users/admin/Downloads/Project_SWP391/Project_SWP391/Project/backend/src/main/java/com/cny/backend/service/AuthService.java:[253,37] cannot find symbol
  symbol:   method getPasswordHash()
  location: variable dbFreelancer of type com.cny.backend.entity.Freelancer
[ERROR] /C:/Users/admin/Downloads/Project_SWP391/Project_SWP391/Project/backend/src/main/java/com/cny/backend/service/AuthService.java:[253,80] cannot find symbol
  symbol:   method getPasswordHash()
  location: variable dbFreelancer of type com.cny.backend.entity.Freelancer
[INFO] 100 errors 
[INFO] -------------------------------------------------------------
[INFO] ------------------------------------------------------------------------
[INFO] BUILD FAILURE
[INFO] ------------------------------------------------------------------------
[INFO] Total time:  3.975 s
[INFO] Finished at: 2026-06-07T23:46:11+07:00
[INFO] ------------------------------------------------------------------------
[ERROR] Failed to execute goal org.apache.maven.plugins:maven-compiler-plugin:3.13.0:compile (default-compile) on project backend: Compilation failure: Compilation failure: 
[ERROR] /C:/Users/admin/Downloads/Project_SWP391/Project_SWP391/Project/backend/src/main/java/com/cny/backend/entity/Manager.java:[16,8] class User is public, should be declared in a file named User.java
[ERROR] /C:/Users/admin/Downloads/Project_SWP391/Project_SWP391/Project/backend/src/main/java/com/cny/backend/entity/Staff.java:[16,8] class User is public, should be declared in a file named User.java
[ERROR] /C:/Users/admin/Downloads/Project_SWP391/Project_SWP391/Project/backend/src/main/java/com/cny/backend/DataSeeder.java:[70,42] cannot find symbol
[ERROR]   symbol:   method builder()
[ERROR]   location: class com.cny.backend.entity.JobCategory
[ERROR] /C:/Users/admin/Downloads/Project_SWP391/Project_SWP391/Project/backend/src/main/java/com/cny/backend/DataSeeder.java:[83,37] cannot find symbol
[ERROR]   symbol:   method builder()
[ERROR]   location: class com.cny.backend.entity.Employer
[ERROR] /C:/Users/admin/Downloads/Project_SWP391/Project_SWP391/Project/backend/src/main/java/com/cny/backend/DataSeeder.java:[115,28] cannot find symbol
[ERROR]   symbol:   method builder()
[ERROR]   location: class com.cny.backend.entity.Admin
[ERROR] /C:/Users/admin/Downloads/Project_SWP391/Project_SWP391/Project/backend/src/main/java/com/cny/backend/DataSeeder.java:[148,47] cannot find symbol
[ERROR]   symbol:   method builder()
[ERROR]   location: class com.cny.backend.entity.Freelancer
[ERROR] /C:/Users/admin/Downloads/Project_SWP391/Project_SWP391/Project/backend/src/main/java/com/cny/backend/DataSeeder.java:[181,31] cannot find symbol
[ERROR]   symbol:   method getEmail()
[ERROR]   location: variable e of type com.cny.backend.entity.Employer
[ERROR] /C:/Users/admin/Downloads/Project_SWP391/Project_SWP391/Project/backend/src/main/java/com/cny/backend/DataSeeder.java:[184,31] cannot find symbol
[ERROR]   symbol:   method getCategoryName()
[ERROR]   location: variable c of type com.cny.backend.entity.JobCategory
[ERROR] /C:/Users/admin/Downloads/Project_SWP391/Project_SWP391/Project/backend/src/main/java/com/cny/backend/DataSeeder.java:[186,31] cannot find symbol
[ERROR]   symbol:   method getCategoryName()
[ERROR]   location: variable c of type com.cny.backend.entity.JobCategory
[ERROR] /C:/Users/admin/Downloads/Project_SWP391/Project_SWP391/Project/backend/src/main/java/com/cny/backend/DataSeeder.java:[188,31] cannot find symbol
[ERROR]   symbol:   method getCategoryName()
[ERROR]   location: variable c of type com.cny.backend.entity.JobCategory
[ERROR] /C:/Users/admin/Downloads/Project_SWP391/Project_SWP391/Project/backend/src/main/java/com/cny/backend/DataSeeder.java:[190,31] cannot find symbol
[ERROR]   symbol:   method getCategoryName()
[ERROR]   location: variable c of type com.cny.backend.entity.JobCategory
[ERROR] /C:/Users/admin/Downloads/Project_SWP391/Project_SWP391/Project/backend/src/main/java/com/cny/backend/DataSeeder.java:[197,29] cannot find symbol
[ERROR]   symbol:   method builder()
[ERROR]   location: class com.cny.backend.entity.Project
[ERROR] /C:/Users/admin/Downloads/Project_SWP391/Project_SWP391/Project/backend/src/main/java/com/cny/backend/DataSeeder.java:[210,29] cannot find symbol
[ERROR]   symbol:   method builder()
[ERROR]   location: class com.cny.backend.entity.Project
[ERROR] /C:/Users/admin/Downloads/Project_SWP391/Project_SWP391/Project/backend/src/main/java/com/cny/backend/DataSeeder.java:[222,29] cannot find symbol
[ERROR]   symbol:   method builder()
[ERROR]   location: class com.cny.backend.entity.Project
[ERROR] /C:/Users/admin/Downloads/Project_SWP391/Project_SWP391/Project/backend/src/main/java/com/cny/backend/DataSeeder.java:[235,29] cannot find symbol
[ERROR]   symbol:   method builder()
[ERROR]   location: class com.cny.backend.entity.Project
[ERROR] /C:/Users/admin/Downloads/Project_SWP391/Project_SWP391/Project/backend/src/main/java/com/cny/backend/DataSeeder.java:[249,29] cannot find symbol
[ERROR]   symbol:   method builder()
[ERROR]   location: class com.cny.backend.entity.Project
[ERROR] /C:/Users/admin/Downloads/Project_SWP391/Project_SWP391/Project/backend/src/main/java/com/cny/backend/DataSeeder.java:[261,29] cannot find symbol
[ERROR]   symbol:   method builder()
[ERROR]   location: class com.cny.backend.entity.Project
[ERROR] /C:/Users/admin/Downloads/Project_SWP391/Project_SWP391/Project/backend/src/main/java/com/cny/backend/DataSeeder.java:[273,29] cannot find symbol
[ERROR]   symbol:   method builder()
[ERROR]   location: class com.cny.backend.entity.Project
[ERROR] /C:/Users/admin/Downloads/Project_SWP391/Project_SWP391/Project/backend/src/main/java/com/cny/backend/entity/Freelancer.java:[104,21] constructor TransientUser in class com.cny.backend.entity.Freelancer.TransientUser cannot be applied to given types;
[ERROR]   required: no arguments
[ERROR]   found:    java.lang.Integer,java.lang.String,java.lang.String,java.lang.String,java.lang.String,java.lang.String
[ERROR]   reason: actual and formal argument lists differ in length
[ERROR] /C:/Users/admin/Downloads/Project_SWP391/Project_SWP391/Project/backend/src/main/java/com/cny/backend/entity/Employer.java:[108,21] constructor TransientUser in class com.cny.backend.entity.Employer.TransientUser cannot be applied to given types;
[ERROR]   required: no arguments
[ERROR]   found:    java.lang.Integer,java.lang.String,java.lang.String,java.lang.String,java.lang.String,java.lang.String
[ERROR]   reason: actual and formal argument lists differ in length
[ERROR] /C:/Users/admin/Downloads/Project_SWP391/Project_SWP391/Project/backend/src/main/java/com/cny/backend/service/AdminService.java:[77,33] cannot find symbol
[ERROR]   symbol:   method builder()
[ERROR]   location: class com.cny.backend.dto.AdminStatsDto
[ERROR] /C:/Users/admin/Downloads/Project_SWP391/Project_SWP391/Project/backend/src/main/java/com/cny/backend/service/AdminService.java:[88,33] cannot find symbol
[ERROR]   symbol:   method builder()
[ERROR]   location: class com.cny.backend.dto.AdminStatsDto
[ERROR] /C:/Users/admin/Downloads/Project_SWP391/Project_SWP391/Project/backend/src/main/java/com/cny/backend/service/AdminService.java:[113,45] cannot find symbol
[ERROR]   symbol:   method builder()
[ERROR]   location: class com.cny.backend.dto.UserGrowthTrendDto
[ERROR] /C:/Users/admin/Downloads/Project_SWP391/Project_SWP391/Project/backend/src/main/java/com/cny/backend/service/AdminService.java:[130,42] cannot find symbol
[ERROR]   symbol:   method builder()
[ERROR]   location: class com.cny.backend.dto.RevenueTrendDto
[ERROR] /C:/Users/admin/Downloads/Project_SWP391/Project_SWP391/Project/backend/src/main/java/com/cny/backend/service/AdminService.java:[142,34] cannot find symbol
[ERROR]   symbol:   method builder()
[ERROR]   location: class com.cny.backend.dto.PlatformFeeDto
[ERROR] /C:/Users/admin/Downloads/Project_SWP391/Project_SWP391/Project/backend/src/main/java/com/cny/backend/service/AdminService.java:[146,34] cannot find symbol
[ERROR]   symbol:   method builder()
[ERROR]   location: class com.cny.backend.dto.PlatformFeeDto
[ERROR] /C:/Users/admin/Downloads/Project_SWP391/Project_SWP391/Project/backend/src/main/java/com/cny/backend/service/AdminService.java:[158,34] cannot find symbol
[ERROR]   symbol:   method builder()
[ERROR]   location: class com.cny.backend.dto.PlatformFeeDto
[ERROR] /C:/Users/admin/Downloads/Project_SWP391/Project_SWP391/Project/backend/src/main/java/com/cny/backend/service/AdminService.java:[163,34] cannot find symbol
[ERROR]   symbol:   method builder()
[ERROR]   location: class com.cny.backend.dto.PlatformFeeDto
[ERROR] /C:/Users/admin/Downloads/Project_SWP391/Project_SWP391/Project/backend/src/main/java/com/cny/backend/service/AdminService.java:[175,18] cannot find symbol
[ERROR]   symbol:   method getIsDeleted()
[ERROR]   location: variable f of type com.cny.backend.entity.Freelancer
[ERROR] /C:/Users/admin/Downloads/Project_SWP391/Project_SWP391/Project/backend/src/main/java/com/cny/backend/service/AdminService.java:[175,46] cannot find symbol
[ERROR]   symbol:   method getIsDeleted()
[ERROR]   location: variable f of type com.cny.backend.entity.Freelancer
[ERROR] /C:/Users/admin/Downloads/Project_SWP391/Project_SWP391/Project/backend/src/main/java/com/cny/backend/service/AdminService.java:[177,35] cannot find symbol
[ERROR]   symbol:   method builder()
[ERROR]   location: class com.cny.backend.dto.AdminUserDto
[ERROR] /C:/Users/admin/Downloads/Project_SWP391/Project_SWP391/Project/backend/src/main/java/com/cny/backend/service/AdminService.java:[178,26] cannot find symbol
[ERROR]   symbol:   method getProfileId()
[ERROR]   location: variable f of type com.cny.backend.entity.Freelancer
[ERROR] /C:/Users/admin/Downloads/Project_SWP391/Project_SWP391/Project/backend/src/main/java/com/cny/backend/service/AdminService.java:[179,28] cannot find symbol
[ERROR]   symbol:   method getDisplayName()
[ERROR]   location: variable f of type com.cny.backend.entity.Freelancer
[ERROR] /C:/Users/admin/Downloads/Project_SWP391/Project_SWP391/Project/backend/src/main/java/com/cny/backend/service/AdminService.java:[180,29] cannot find symbol
[ERROR]   symbol:   method getEmail()
[ERROR]   location: variable f of type com.cny.backend.entity.Freelancer
[ERROR] /C:/Users/admin/Downloads/Project_SWP391/Project_SWP391/Project/backend/src/main/java/com/cny/backend/service/AdminService.java:[181,30] cannot find symbol
[ERROR]   symbol:   method getStatus()
[ERROR]   location: variable f of type com.cny.backend.entity.Freelancer
[ERROR] /C:/Users/admin/Downloads/Project_SWP391/Project_SWP391/Project/backend/src/main/java/com/cny/backend/service/AdminService.java:[183,30] cannot find symbol
[ERROR]   symbol:   method getCreatedAt()
[ERROR]   location: variable f of type com.cny.backend.entity.Freelancer
[ERROR] /C:/Users/admin/Downloads/Project_SWP391/Project_SWP391/Project/backend/src/main/java/com/cny/backend/service/AdminService.java:[183,57] cannot find symbol
[ERROR]   symbol:   method getCreatedAt()
[ERROR]   location: variable f of type com.cny.backend.entity.Freelancer
[ERROR] /C:/Users/admin/Downloads/Project_SWP391/Project_SWP391/Project/backend/src/main/java/com/cny/backend/service/AdminService.java:[184,33] cannot find symbol
[ERROR]   symbol:   method getLastLoginAt()
[ERROR]   location: variable f of type com.cny.backend.entity.Freelancer
[ERROR] /C:/Users/admin/Downloads/Project_SWP391/Project_SWP391/Project/backend/src/main/java/com/cny/backend/service/AdminService.java:[184,62] cannot find symbol
[ERROR]   symbol:   method getLastLoginAt()
[ERROR]   location: variable f of type com.cny.backend.entity.Freelancer
[ERROR] /C:/Users/admin/Downloads/Project_SWP391/Project_SWP391/Project/backend/src/main/java/com/cny/backend/service/AdminService.java:[191,18] cannot find symbol
[ERROR]   symbol:   method getIsDeleted()
[ERROR]   location: variable e of type com.cny.backend.entity.Employer
[ERROR] /C:/Users/admin/Downloads/Project_SWP391/Project_SWP391/Project/backend/src/main/java/com/cny/backend/service/AdminService.java:[191,46] cannot find symbol
[ERROR]   symbol:   method getIsDeleted()
[ERROR]   location: variable e of type com.cny.backend.entity.Employer
[ERROR] /C:/Users/admin/Downloads/Project_SWP391/Project_SWP391/Project/backend/src/main/java/com/cny/backend/service/AdminService.java:[193,35] cannot find symbol
[ERROR]   symbol:   method builder()
[ERROR]   location: class com.cny.backend.dto.AdminUserDto
[ERROR] /C:/Users/admin/Downloads/Project_SWP391/Project_SWP391/Project/backend/src/main/java/com/cny/backend/service/AdminService.java:[194,26] cannot find symbol
[ERROR]   symbol:   method getEmployerId()
[ERROR]   location: variable e of type com.cny.backend.entity.Employer
[ERROR] /C:/Users/admin/Downloads/Project_SWP391/Project_SWP391/Project/backend/src/main/java/com/cny/backend/service/AdminService.java:[195,28] cannot find symbol
[ERROR]   symbol:   method getDisplayName()
[ERROR]   location: variable e of type com.cny.backend.entity.Employer
[ERROR] /C:/Users/admin/Downloads/Project_SWP391/Project_SWP391/Project/backend/src/main/java/com/cny/backend/service/AdminService.java:[196,29] cannot find symbol
[ERROR]   symbol:   method getEmail()
[ERROR]   location: variable e of type com.cny.backend.entity.Employer
[ERROR] /C:/Users/admin/Downloads/Project_SWP391/Project_SWP391/Project/backend/src/main/java/com/cny/backend/service/AdminService.java:[197,30] cannot find symbol
[ERROR]   symbol:   method getStatus()
[ERROR]   location: variable e of type com.cny.backend.entity.Employer
[ERROR] /C:/Users/admin/Downloads/Project_SWP391/Project_SWP391/Project/backend/src/main/java/com/cny/backend/service/AdminService.java:[199,30] cannot find symbol
[ERROR]   symbol:   method getCreatedAt()
[ERROR]   location: variable e of type com.cny.backend.entity.Employer
[ERROR] /C:/Users/admin/Downloads/Project_SWP391/Project_SWP391/Project/backend/src/main/java/com/cny/backend/service/AdminService.java:[199,57] cannot find symbol
[ERROR]   symbol:   method getCreatedAt()
[ERROR]   location: variable e of type com.cny.backend.entity.Employer
[ERROR] /C:/Users/admin/Downloads/Project_SWP391/Project_SWP391/Project/backend/src/main/java/com/cny/backend/service/AdminService.java:[200,33] cannot find symbol
[ERROR]   symbol:   method getLastLoginAt()
[ERROR]   location: variable e of type com.cny.backend.entity.Employer
[ERROR] /C:/Users/admin/Downloads/Project_SWP391/Project_SWP391/Project/backend/src/main/java/com/cny/backend/service/AdminService.java:[200,62] cannot find symbol
[ERROR]   symbol:   method getLastLoginAt()
[ERROR]   location: variable e of type com.cny.backend.entity.Employer
[ERROR] /C:/Users/admin/Downloads/Project_SWP391/Project_SWP391/Project/backend/src/main/java/com/cny/backend/service/AdminService.java:[216,39] cannot find symbol
[ERROR]   symbol:   method getStatus()
[ERROR]   location: variable emp of type com.cny.backend.entity.Employer
[ERROR] /C:/Users/admin/Downloads/Project_SWP391/Project_SWP391/Project/backend/src/main/java/com/cny/backend/service/AdminService.java:[217,20] cannot find symbol
[ERROR]   symbol:   method setStatus(java.lang.String)
[ERROR]   location: variable emp of type com.cny.backend.entity.Employer
[ERROR] /C:/Users/admin/Downloads/Project_SWP391/Project_SWP391/Project/backend/src/main/java/com/cny/backend/service/AdminService.java:[223,126] cannot find symbol
[ERROR]   symbol:   method getEmail()
[ERROR]   location: variable emp of type com.cny.backend.entity.Employer
[ERROR] /C:/Users/admin/Downloads/Project_SWP391/Project_SWP391/Project/backend/src/main/java/com/cny/backend/service/AdminService.java:[233,37] cannot find symbol
[ERROR]   symbol:   method getStatus()
[ERROR]   location: variable f of type com.cny.backend.entity.Freelancer
[ERROR] /C:/Users/admin/Downloads/Project_SWP391/Project_SWP391/Project/backend/src/main/java/com/cny/backend/service/AdminService.java:[234,18] cannot find symbol
[ERROR]   symbol:   method setStatus(java.lang.String)
[ERROR]   location: variable f of type com.cny.backend.entity.Freelancer
[ERROR] /C:/Users/admin/Downloads/Project_SWP391/Project_SWP391/Project/backend/src/main/java/com/cny/backend/service/AdminService.java:[240,126] cannot find symbol
[ERROR]   symbol:   method getEmail()
[ERROR]   location: variable f of type com.cny.backend.entity.Freelancer
[ERROR] /C:/Users/admin/Downloads/Project_SWP391/Project_SWP391/Project/backend/src/main/java/com/cny/backend/service/AdminService.java:[289,30] cannot find symbol
[ERROR]   symbol:   method builder()
[ERROR]   location: class com.cny.backend.dto.PendingProjectDto
[ERROR] /C:/Users/admin/Downloads/Project_SWP391/Project_SWP391/Project/backend/src/main/java/com/cny/backend/service/AdminService.java:[298,18] incompatible types: inference variable T has incompatible bounds
[ERROR]     equality constraints: com.cny.backend.dto.PendingProjectDto
[ERROR]     lower bounds: java.lang.Object
[ERROR] /C:/Users/admin/Downloads/Project_SWP391/Project_SWP391/Project/backend/src/main/java/com/cny/backend/service/AdminService.java:[323,26] cannot find symbol
[ERROR]   symbol:   method builder()
[ERROR]   location: class com.cny.backend.dto.WithdrawalDto
[ERROR] /C:/Users/admin/Downloads/Project_SWP391/Project_SWP391/Project/backend/src/main/java/com/cny/backend/service/AdminService.java:[333,18] incompatible types: inference variable T has incompatible bounds
[ERROR]     equality constraints: com.cny.backend.dto.WithdrawalDto
[ERROR]     lower bounds: java.lang.Object
[ERROR] /C:/Users/admin/Downloads/Project_SWP391/Project_SWP391/Project/backend/src/main/java/com/cny/backend/service/AdminService.java:[353,29] cannot find symbol
[ERROR]   symbol:   method builder()
[ERROR]   location: class com.cny.backend.dto.AdminAuditLogDto
[ERROR] /C:/Users/admin/Downloads/Project_SWP391/Project_SWP391/Project/backend/src/main/java/com/cny/backend/service/AdminService.java:[361,18] incompatible types: inference variable T has incompatible bounds
[ERROR]     equality constraints: com.cny.backend.dto.AdminAuditLogDto
[ERROR]     lower bounds: java.lang.Object
[ERROR] /C:/Users/admin/Downloads/Project_SWP391/Project_SWP391/Project/backend/src/main/java/com/cny/backend/service/AdminService.java:[366,27] cannot find symbol
[ERROR]   symbol:   method builder()
[ERROR]   location: class com.cny.backend.dto.JobCategoryDto
[ERROR] /C:/Users/admin/Downloads/Project_SWP391/Project_SWP391/Project/backend/src/main/java/com/cny/backend/service/AdminService.java:[372,18] incompatible types: inference variable T has incompatible bounds
[ERROR]     equality constraints: com.cny.backend.dto.JobCategoryDto
[ERROR]     lower bounds: java.lang.Object
[ERROR] /C:/Users/admin/Downloads/Project_SWP391/Project_SWP391/Project/backend/src/main/java/com/cny/backend/service/AdminService.java:[377,31] cannot find symbol
[ERROR]   symbol:   method builder()
[ERROR]   location: class com.cny.backend.dto.KycRequestDto
[ERROR] /C:/Users/admin/Downloads/Project_SWP391/Project_SWP391/Project/backend/src/main/java/com/cny/backend/service/AdminService.java:[386,31] cannot find symbol
[ERROR]   symbol:   method builder()
[ERROR]   location: class com.cny.backend.dto.KycRequestDto
[ERROR] /C:/Users/admin/Downloads/Project_SWP391/Project_SWP391/Project/backend/src/main/java/com/cny/backend/service/AdminService.java:[399,28] cannot find symbol
[ERROR]   symbol:   method builder()
[ERROR]   location: class com.cny.backend.dto.DisputeDto
[ERROR] /C:/Users/admin/Downloads/Project_SWP391/Project_SWP391/Project/backend/src/main/java/com/cny/backend/service/AdminService.java:[410,28] cannot find symbol
[ERROR]   symbol:   method builder()
[ERROR]   location: class com.cny.backend.dto.DisputeDto
[ERROR] /C:/Users/admin/Downloads/Project_SWP391/Project_SWP391/Project/backend/src/main/java/com/cny/backend/service/AdminService.java:[425,27] cannot find symbol
[ERROR]   symbol:   method builder()
[ERROR]   location: class com.cny.backend.dto.ReportDto
[ERROR] /C:/Users/admin/Downloads/Project_SWP391/Project_SWP391/Project/backend/src/main/java/com/cny/backend/service/AdminService.java:[434,27] cannot find symbol
[ERROR]   symbol:   method builder()
[ERROR]   location: class com.cny.backend.dto.ReportDto
[ERROR] /C:/Users/admin/Downloads/Project_SWP391/Project_SWP391/Project/backend/src/main/java/com/cny/backend/service/AdminService.java:[447,28] cannot find symbol
[ERROR]   symbol:   method builder()
[ERROR]   location: class com.cny.backend.dto.ArticleDto
[ERROR] /C:/Users/admin/Downloads/Project_SWP391/Project_SWP391/Project/backend/src/main/java/com/cny/backend/service/AdminService.java:[456,28] cannot find symbol
[ERROR]   symbol:   method builder()
[ERROR]   location: class com.cny.backend.dto.ArticleDto
[ERROR] /C:/Users/admin/Downloads/Project_SWP391/Project_SWP391/Project/backend/src/main/java/com/cny/backend/service/AdminService.java:[469,34] cannot find symbol
[ERROR]   symbol:   method builder()
[ERROR]   location: class com.cny.backend.dto.SupportTicketDto
[ERROR] /C:/Users/admin/Downloads/Project_SWP391/Project_SWP391/Project/backend/src/main/java/com/cny/backend/service/AdminService.java:[478,34] cannot find symbol
[ERROR]   symbol:   method builder()
[ERROR]   location: class com.cny.backend.dto.SupportTicketDto
[ERROR] /C:/Users/admin/Downloads/Project_SWP391/Project_SWP391/Project/backend/src/main/java/com/cny/backend/service/AdminService.java:[491,30] cannot find symbol
[ERROR]   symbol:   method builder()
[ERROR]   location: class com.cny.backend.dto.SeoConfigDto
[ERROR] /C:/Users/admin/Downloads/Project_SWP391/Project_SWP391/Project/backend/src/main/java/com/cny/backend/service/AdminService.java:[499,30] cannot find symbol
[ERROR]   symbol:   method builder()
[ERROR]   location: class com.cny.backend.dto.SeoConfigDto
[ERROR] /C:/Users/admin/Downloads/Project_SWP391/Project_SWP391/Project/backend/src/main/java/com/cny/backend/service/AuthService.java:[106,36] cannot find symbol
[ERROR]   symbol:   method builder()
[ERROR]   location: class com.cny.backend.entity.Admin
[ERROR] /C:/Users/admin/Downloads/Project_SWP391/Project_SWP391/Project/backend/src/main/java/com/cny/backend/service/AuthService.java:[122,31] cannot find symbol
[ERROR]   symbol:   method getAdminId()
[ERROR]   location: variable admin of type com.cny.backend.entity.Admin
[ERROR] /C:/Users/admin/Downloads/Project_SWP391/Project_SWP391/Project/backend/src/main/java/com/cny/backend/service/AuthService.java:[126,32] cannot find symbol
[ERROR]   symbol:   method getPasswordHash()
[ERROR]   location: variable dbAdmin of type com.cny.backend.entity.Admin
[ERROR] /C:/Users/admin/Downloads/Project_SWP391/Project_SWP391/Project/backend/src/main/java/com/cny/backend/service/AuthService.java:[126,70] cannot find symbol
[ERROR]   symbol:   method getPasswordHash()
[ERROR]   location: variable dbAdmin of type com.cny.backend.entity.Admin
[ERROR] /C:/Users/admin/Downloads/Project_SWP391/Project_SWP391/Project/backend/src/main/java/com/cny/backend/service/AuthService.java:[133,33] cannot find symbol
[ERROR]   symbol:   method getAdminId()
[ERROR]   location: variable dbAdmin of type com.cny.backend.entity.Admin
[ERROR] /C:/Users/admin/Downloads/Project_SWP391/Project_SWP391/Project/backend/src/main/java/com/cny/backend/service/AuthService.java:[134,37] cannot find symbol
[ERROR]   symbol:   method getStatus()
[ERROR]   location: variable dbAdmin of type com.cny.backend.entity.Admin
[ERROR] /C:/Users/admin/Downloads/Project_SWP391/Project_SWP391/Project/backend/src/main/java/com/cny/backend/service/AuthService.java:[137,48] cannot find symbol
[ERROR]   symbol:   method getGoogleId()
[ERROR]   location: variable dbAdmin of type com.cny.backend.entity.Admin
[ERROR] /C:/Users/admin/Downloads/Project_SWP391/Project_SWP391/Project/backend/src/main/java/com/cny/backend/service/AuthService.java:[138,28] cannot find symbol
[ERROR]   symbol:   method setGoogleId(java.lang.String)
[ERROR]   location: variable dbAdmin of type com.cny.backend.entity.Admin
[ERROR] /C:/Users/admin/Downloads/Project_SWP391/Project_SWP391/Project/backend/src/main/java/com/cny/backend/service/AuthService.java:[139,28] cannot find symbol
[ERROR]   symbol:   method setAvatarUrl(java.lang.String)
[ERROR]   location: variable dbAdmin of type com.cny.backend.entity.Admin
[ERROR] /C:/Users/admin/Downloads/Project_SWP391/Project_SWP391/Project/backend/src/main/java/com/cny/backend/service/AuthService.java:[143,39] cannot find symbol
[ERROR]   symbol:   method getMessengerPin()
[ERROR]   location: variable dbAdmin of type com.cny.backend.entity.Admin
[ERROR] /C:/Users/admin/Downloads/Project_SWP391/Project_SWP391/Project/backend/src/main/java/com/cny/backend/service/AuthService.java:[166,45] cannot find symbol
[ERROR]   symbol:   method builder()
[ERROR]   location: class com.cny.backend.entity.Employer
[ERROR] /C:/Users/admin/Downloads/Project_SWP391/Project_SWP391/Project/backend/src/main/java/com/cny/backend/service/AuthService.java:[185,34] cannot find symbol
[ERROR]   symbol:   method getEmployerId()
[ERROR]   location: variable employer of type com.cny.backend.entity.Employer
[ERROR] /C:/Users/admin/Downloads/Project_SWP391/Project_SWP391/Project/backend/src/main/java/com/cny/backend/service/AuthService.java:[189,35] cannot find symbol
[ERROR]   symbol:   method getPasswordHash()
[ERROR]   location: variable dbEmployer of type com.cny.backend.entity.Employer
[ERROR] /C:/Users/admin/Downloads/Project_SWP391/Project_SWP391/Project/backend/src/main/java/com/cny/backend/service/AuthService.java:[189,76] cannot find symbol
[ERROR]   symbol:   method getPasswordHash()
[ERROR]   location: variable dbEmployer of type com.cny.backend.entity.Employer
[ERROR] /C:/Users/admin/Downloads/Project_SWP391/Project_SWP391/Project/backend/src/main/java/com/cny/backend/service/AuthService.java:[196,36] cannot find symbol
[ERROR]   symbol:   method getEmployerId()
[ERROR]   location: variable dbEmployer of type com.cny.backend.entity.Employer
[ERROR] /C:/Users/admin/Downloads/Project_SWP391/Project_SWP391/Project/backend/src/main/java/com/cny/backend/service/AuthService.java:[197,40] cannot find symbol
[ERROR]   symbol:   method getStatus()
[ERROR]   location: variable dbEmployer of type com.cny.backend.entity.Employer
[ERROR] /C:/Users/admin/Downloads/Project_SWP391/Project_SWP391/Project/backend/src/main/java/com/cny/backend/service/AuthService.java:[200,51] cannot find symbol
[ERROR]   symbol:   method getGoogleId()
[ERROR]   location: variable dbEmployer of type com.cny.backend.entity.Employer
[ERROR] /C:/Users/admin/Downloads/Project_SWP391/Project_SWP391/Project/backend/src/main/java/com/cny/backend/service/AuthService.java:[201,31] cannot find symbol
[ERROR]   symbol:   method setGoogleId(java.lang.String)
[ERROR]   location: variable dbEmployer of type com.cny.backend.entity.Employer
[ERROR] /C:/Users/admin/Downloads/Project_SWP391/Project_SWP391/Project/backend/src/main/java/com/cny/backend/service/AuthService.java:[202,31] cannot find symbol
[ERROR]   symbol:   method setAvatarUrl(java.lang.String)
[ERROR]   location: variable dbEmployer of type com.cny.backend.entity.Employer
[ERROR] /C:/Users/admin/Downloads/Project_SWP391/Project_SWP391/Project/backend/src/main/java/com/cny/backend/service/AuthService.java:[206,42] cannot find symbol
[ERROR]   symbol:   method getMessengerPin()
[ERROR]   location: variable dbEmployer of type com.cny.backend.entity.Employer
[ERROR] /C:/Users/admin/Downloads/Project_SWP391/Project_SWP391/Project/backend/src/main/java/com/cny/backend/service/AuthService.java:[229,51] cannot find symbol
[ERROR]   symbol:   method builder()
[ERROR]   location: class com.cny.backend.entity.Freelancer
[ERROR] /C:/Users/admin/Downloads/Project_SWP391/Project_SWP391/Project/backend/src/main/java/com/cny/backend/service/AuthService.java:[249,36] cannot find symbol
[ERROR]   symbol:   method getProfileId()
[ERROR]   location: variable freelancer of type com.cny.backend.entity.Freelancer
[ERROR] /C:/Users/admin/Downloads/Project_SWP391/Project_SWP391/Project/backend/src/main/java/com/cny/backend/service/AuthService.java:[253,37] cannot find symbol
[ERROR]   symbol:   method getPasswordHash()
[ERROR]   location: variable dbFreelancer of type com.cny.backend.entity.Freelancer
[ERROR] /C:/Users/admin/Downloads/Project_SWP391/Project_SWP391/Project/backend/src/main/java/com/cny/backend/service/AuthService.java:[253,80] cannot find symbol
[ERROR]   symbol:   method getPasswordHash()
[ERROR]   location: variable dbFreelancer of type com.cny.backend.entity.Freelancer
[ERROR] -> [Help 1]
[ERROR] 
[ERROR] To see the full stack trace of the errors, re-run Maven with the -e switch.
[ERROR] Re-run Maven using the -X switch to enable full debug logging.
[ERROR] 
[ERROR] For more information about the errors and possible solutions, please read the following articles:
[ERROR] [Help 1] http://cwiki.apache.org/confluence/display/MAVEN/MojoFailureException
